c:\users\pc\desktop\github\opengl-graphics-3d-world\tiger_texture_ps_glsl\debug\main.obj
c:\users\pc\desktop\github\opengl-graphics-3d-world\tiger_texture_ps_glsl\debug\initialize.obj
c:\users\pc\desktop\github\opengl-graphics-3d-world\tiger_texture_ps_glsl\debug\floor.obj
c:\users\pc\desktop\github\opengl-graphics-3d-world\tiger_texture_ps_glsl\debug\file_reading_function.obj
c:\users\pc\desktop\github\opengl-graphics-3d-world\tiger_texture_ps_glsl\debug\camera.obj
c:\users\pc\desktop\github\opengl-graphics-3d-world\tiger_texture_ps_glsl\debug\axis.obj
c:\users\pc\desktop\github\opengl-graphics-3d-world\tiger_texture_ps_glsl\debug\loadshaders.obj
c:\users\pc\desktop\github\opengl-graphics-3d-world\tiger_texture_ps_glsl\debug\object.obj
c:\users\pc\desktop\github\opengl-graphics-3d-world\tiger_texture_ps_glsl\debug\keyboard.obj
c:\users\pc\appdata\local\tempvc142.pdb
c:\users\pc\desktop\github\opengl-graphics-3d-world\debug\graphics hw6.ilk
c:\users\pc\desktop\github\opengl-graphics-3d-world\debug\graphics hw6.exe
c:\users\pc\appdata\local\tempgraphics hw6.pdb
c:\users\pc\desktop\github\opengl-graphics-3d-world\tiger_texture_ps_glsl\debug\objects.obj
c:\users\pc\desktop\github\opengl-graphics-3d-world\tiger_texture_ps_glsl\debug\tiger_texture_ps_glsl.obj
c:\users\pc\desktop\github\opengl-graphics-3d-world\tiger_texture_ps_glsl\debug\vc142.idb
c:\users\pc\desktop\github\opengl-graphics-3d-world\tiger_texture_ps_glsl\debug\vc142.pdb
c:\users\pc\desktop\github\opengl-graphics-3d-world\debug\graphics hw6.pdb
c:\users\pc\desktop\github\opengl-graphics-3d-world\tiger_texture_ps_glsl\debug\graphics hw6.tlog\cl.command.1.tlog
c:\users\pc\desktop\github\opengl-graphics-3d-world\tiger_texture_ps_glsl\debug\graphics hw6.tlog\cl.read.1.tlog
c:\users\pc\desktop\github\opengl-graphics-3d-world\tiger_texture_ps_glsl\debug\graphics hw6.tlog\cl.write.1.tlog
c:\users\pc\desktop\github\opengl-graphics-3d-world\tiger_texture_ps_glsl\debug\graphics hw6.tlog\link.command.1.tlog
c:\users\pc\desktop\github\opengl-graphics-3d-world\tiger_texture_ps_glsl\debug\graphics hw6.tlog\link.read.1.tlog
c:\users\pc\desktop\github\opengl-graphics-3d-world\tiger_texture_ps_glsl\debug\graphics hw6.tlog\link.write.1.tlog
